#
# There is insufficient memory for the Java Runtime Environment to continue.
# Native memory allocation (malloc) failed to allocate 32744 bytes for Chunk::new
# Possible reasons:
#   The system is out of physical RAM or swap space
#   The process is running with CompressedOops enabled, and the Java Heap may be blocking the growth of the native heap
# Possible solutions:
#   Reduce memory load on the system
#   Increase physical memory or swap space
#   Check if swap backing store is full
#   Decrease Java heap size (-Xmx/-Xms)
#   Decrease number of Java threads
#   Decrease Java thread stack sizes (-Xss)
#   Set larger code cache with -XX:ReservedCodeCacheSize=
#   JVM is running with Unscaled Compressed Oops mode in which the Java heap is
#     placed in the first 4GB address space. The Java Heap base address is the
#     maximum limit for the native heap growth. Please use -XX:HeapBaseMinAddress
#     to set the Java Heap base and to place the Java Heap above 4GB virtual address.
# This output file may be truncated or incomplete.
#
#  Out of Memory Error (arena.cpp:184), pid=9456, tid=4124
#
# JRE version: Java(TM) SE Runtime Environment (19.0.1+10) (build 19.0.1+10-21)
# Java VM: Java HotSpot(TM) 64-Bit Server VM (19.0.1+10-21, mixed mode, sharing, tiered, compressed oops, compressed class ptrs, g1 gc, windows-amd64)
# No core dump will be written. Minidumps are not enabled by default on client versions of Windows
#

---------------  S U M M A R Y ------------

Command Line: -javaagent:C:\Users\Lenovo\AppData\Local\JetBrains\IntelliJIdea2025.3\captureAgent\debugger-agent.jar=file:///C:/Users/Lenovo/AppData/Local/Temp/capture16936536928887697632.props -ea -Didea.test.cyclic.buffer.size=1048576 -javaagent:C:\Program Files\JetBrains\IntelliJ IDEA 2025.3.2\lib\idea_rt.jar=52155 -Dkotlinx.coroutines.debug.enable.creation.stack.trace=false -Ddebugger.agent.enable.coroutines=true -Dkotlinx.coroutines.debug.enable.flows.stack.trace=true -Dkotlinx.coroutines.debug.enable.mutable.state.flows.stack.trace=true -Ddebugger.async.stack.trace.for.all.threads=true -Dfile.encoding=UTF-8 -Dsun.stdout.encoding=UTF-8 -Dsun.stderr.encoding=UTF-8 com.intellij.rt.testng.RemoteTestNGStarter -usedefaultlisteners false -socket52154 @w@C:\Users\Lenovo\AppData\Local\Temp\idea_working_dirs_testng.tmp -temp C:\Users\Lenovo\AppData\Local\Temp\idea_testng.tmp

Host: Intel(R) Core(TM) i7-4810MQ CPU @ 2.80GHz, 8 cores, 7G,  Windows 10 , 64 bit Build 19041 (10.0.19041.5915)
Time: Wed Feb 25 19:12:13 2026 India Standard Time elapsed time: 0.817185 seconds (0d 0h 0m 0s)

---------------  T H R E A D  ---------------

Current thread (0x0000015dab2dee20):  JavaThread "C1 CompilerThread0" daemon [_thread_in_native, id=4124, stack(0x0000002196500000,0x0000002196600000)]


Current CompileTask:
C1:    817  964       3       java.net.URLStreamHandler::parseURL (1124 bytes)

Stack: [0x0000002196500000,0x0000002196600000]
Native frames: (J=compiled Java code, j=interpreted, Vv=VM code, C=native code)
V  [jvm.dll+0x6ee8fa]
V  [jvm.dll+0x857a1e]
V  [jvm.dll+0x85940e]
V  [jvm.dll+0x859ac3]
V  [jvm.dll+0x28291f]
V  [jvm.dll+0xc9b5f]
V  [jvm.dll+0xc9ee5]
V  [jvm.dll+0x148c35]
V  [jvm.dll+0x1a703d]
V  [jvm.dll+0x1a7c23]
V  [jvm.dll+0x161743]
V  [jvm.dll+0x161022]
V  [jvm.dll+0x161278]
V  [jvm.dll+0x1606d6]
V  [jvm.dll+0x1623cd]
V  [jvm.dll+0x25b0fa]
V  [jvm.dll+0x259588]
V  [jvm.dll+0x807928]
V  [jvm.dll+0x8015fa]
V  [jvm.dll+0x6ed5eb]
C  [ucrtbase.dll+0x21bb2]
C  [KERNEL32.DLL+0x17374]
C  [ntdll.dll+0x4cc91]


---------------  P R O C E S S  ---------------

Threads class SMR info:
_java_thread_list=0x0000015dafa52b40, length=15, elements={
0x0000015d8caf87e0, 0x0000015dab2d03b0, 0x0000015dab2d0ce0, 0x0000015dab2d2f50,
0x0000015dab2d3880, 0x0000015dab2d4950, 0x0000015dab2d91a0, 0x0000015dab2da6e0,
0x0000015dab2dee20, 0x0000015dab2dff30, 0x0000015dab2a2470, 0x0000015daf7ff740,
0x0000015daf85fef0, 0x0000015daf8a2e20, 0x0000015dafaac5d0
}

Java Threads: ( => current thread )
  0x0000015d8caf87e0 JavaThread "main" [_thread_in_vm, id=13824, stack(0x0000002195700000,0x0000002195800000)]
  0x0000015dab2d03b0 JavaThread "Reference Handler" daemon [_thread_blocked, id=16068, stack(0x0000002195e00000,0x0000002195f00000)]
  0x0000015dab2d0ce0 JavaThread "Finalizer" daemon [_thread_blocked, id=2148, stack(0x0000002195f00000,0x0000002196000000)]
  0x0000015dab2d2f50 JavaThread "Signal Dispatcher" daemon [_thread_blocked, id=14744, stack(0x0000002196000000,0x0000002196100000)]
  0x0000015dab2d3880 JavaThread "Attach Listener" daemon [_thread_blocked, id=3740, stack(0x0000002196100000,0x0000002196200000)]
  0x0000015dab2d4950 JavaThread "Service Thread" daemon [_thread_blocked, id=9812, stack(0x0000002196200000,0x0000002196300000)]
  0x0000015dab2d91a0 JavaThread "Monitor Deflation Thread" daemon [_thread_blocked, id=13424, stack(0x0000002196300000,0x0000002196400000)]
  0x0000015dab2da6e0 JavaThread "C2 CompilerThread0" daemon [_thread_blocked, id=12956, stack(0x0000002196400000,0x0000002196500000)]
=>0x0000015dab2dee20 JavaThread "C1 CompilerThread0" daemon [_thread_in_native, id=4124, stack(0x0000002196500000,0x0000002196600000)]
  0x0000015dab2dff30 JavaThread "Sweeper thread" daemon [_thread_blocked, id=5424, stack(0x0000002196600000,0x0000002196700000)]
  0x0000015dab2a2470 JavaThread "Common-Cleaner" daemon [_thread_blocked, id=7720, stack(0x0000002196700000,0x0000002196800000)]
  0x0000015daf7ff740 JavaThread "IntelliJ Suspend Helper" daemon [_thread_blocked, id=11756, stack(0x0000002196800000,0x0000002196900000)]
  0x0000015daf85fef0 JavaThread "Monitor Ctrl-Break" daemon [_thread_in_native, id=1852, stack(0x0000002196900000,0x0000002196a00000)]
  0x0000015daf8a2e20 JavaThread "Notification Thread" daemon [_thread_blocked, id=7696, stack(0x0000002196a00000,0x0000002196b00000)]
  0x0000015dafaac5d0 JavaThread "C2 CompilerThread1" daemon [_thread_blocked, id=6468, stack(0x0000002196c00000,0x0000002196d00000)]

Other Threads:
  0x0000015dab2b13e0 VMThread "VM Thread" [stack: 0x0000002195d00000,0x0000002195e00000] [id=13432]
  0x0000015daf88ada0 WatcherThread "VM Periodic Task Thread" [stack: 0x0000002196b00000,0x0000002196c00000] [id=11760]
  0x0000015d8cb12160 WorkerThread "GC Thread#0" [stack: 0x0000002195800000,0x0000002195900000] [id=12940]
  0x0000015d8cb686f0 ConcurrentGCThread "G1 Main Marker" [stack: 0x0000002195900000,0x0000002195a00000] [id=7028]
  0x0000015d8cb69570 WorkerThread "G1 Conc#0" [stack: 0x0000002195a00000,0x0000002195b00000] [id=5412]
  0x0000015d8cbaea70 ConcurrentGCThread "G1 Refine#0" [stack: 0x0000002195b00000,0x0000002195c00000] [id=15428]
  0x0000015dab16e530 ConcurrentGCThread "G1 Service" [stack: 0x0000002195c00000,0x0000002195d00000] [id=12328]

Threads with active compile tasks:
C1 CompilerThread0      848  964       3       java.net.URLStreamHandler::parseURL (1124 bytes)

VM state: not at safepoint (normal execution)

VM Mutex/Monitor currently owned by a thread: None

Heap address: 0x0000000081e00000, size: 2018 MB, Compressed Oops mode: 32-bit

CDS archive(s) mapped at: [0x0000000800000000-0x0000000800c40000-0x0000000800c40000), size 12845056, SharedBaseAddress: 0x0000000800000000, ArchiveRelocationMode: 0.
Compressed class space mapped at: 0x0000000801000000-0x0000000841000000, reserved size: 1073741824
Narrow klass base: 0x0000000800000000, Narrow klass shift: 0, Narrow klass range: 0x100000000

GC Precious Log:
 CardTable entry size: 512
 Card Set container configuration: InlinePtr #cards 5 size 8 Array Of Cards #cards 12 size 40 Howl #buckets 4 coarsen threshold 1843 Howl Bitmap #cards 512 size 80 coarsen threshold 460 Card regions per heap region 1 cards per card region 2048
 CPUs: 8 total, 8 available
 Memory: 8071M
 Large Page Support: Disabled
 NUMA Support: Disabled
 Compressed Oops: Enabled (32-bit)
 Heap Region Size: 1M
 Heap Min Capacity: 8M
 Heap Initial Capacity: 128M
 Heap Max Capacity: 2018M
 Pre-touch: Disabled
 Parallel Workers: 8
 Concurrent Workers: 2
 Concurrent Refinement Workers: 8
 Periodic GC: Disabled

Heap:
 garbage-first heap   total 131072K, used 19456K [0x0000000081e00000, 0x0000000100000000)
  region size 1024K, 19 young (19456K), 0 survivors (0K)
 Metaspace       used 7603K, committed 7872K, reserved 1114112K
  class space    used 738K, committed 896K, reserved 1048576K

Heap Regions: E=young(eden), S=young(survivor), O=old, HS=humongous(starts), HC=humongous(continues), CS=collection set, F=free, OA=open archive, CA=closed archive, TAMS=top-at-mark-start (previous, next)
|   0|0x0000000081e00000, 0x0000000081f00000, 0x0000000081f00000|100%|HS|  |TAMS 0x0000000081e00000, 0x0000000081e00000| Complete 
|   1|0x0000000081f00000, 0x0000000082000000, 0x0000000082000000|100%|HS|  |TAMS 0x0000000081f00000, 0x0000000081f00000| Complete 
|   2|0x0000000082000000, 0x0000000082000000, 0x0000000082100000|  0%| F|  |TAMS 0x0000000082000000, 0x0000000082000000| Untracked 
|   3|0x0000000082100000, 0x0000000082100000, 0x0000000082200000|  0%| F|  |TAMS 0x0000000082100000, 0x0000000082100000| Untracked 
|   4|0x0000000082200000, 0x0000000082200000, 0x0000000082300000|  0%| F|  |TAMS 0x0000000082200000, 0x0000000082200000| Untracked 
|   5|0x0000000082300000, 0x0000000082300000, 0x0000000082400000|  0%| F|  |TAMS 0x0000000082300000, 0x0000000082300000| Untracked 
|   6|0x0000000082400000, 0x0000000082400000, 0x0000000082500000|  0%| F|  |TAMS 0x0000000082400000, 0x0000000082400000| Untracked 
|   7|0x0000000082500000, 0x0000000082500000, 0x0000000082600000|  0%| F|  |TAMS 0x0000000082500000, 0x0000000082500000| Untracked 
|   8|0x0000000082600000, 0x0000000082600000, 0x0000000082700000|  0%| F|  |TAMS 0x0000000082600000, 0x0000000082600000| Untracked 
|   9|0x0000000082700000, 0x0000000082700000, 0x0000000082800000|  0%| F|  |TAMS 0x0000000082700000, 0x0000000082700000| Untracked 
|  10|0x0000000082800000, 0x0000000082800000, 0x0000000082900000|  0%| F|  |TAMS 0x0000000082800000, 0x0000000082800000| Untracked 
|  11|0x0000000082900000, 0x0000000082900000, 0x0000000082a00000|  0%| F|  |TAMS 0x0000000082900000, 0x0000000082900000| Untracked 
|  12|0x0000000082a00000, 0x0000000082a00000, 0x0000000082b00000|  0%| F|  |TAMS 0x0000000082a00000, 0x0000000082a00000| Untracked 
|  13|0x0000000082b00000, 0x0000000082b00000, 0x0000000082c00000|  0%| F|  |TAMS 0x0000000082b00000, 0x0000000082b00000| Untracked 
|  14|0x0000000082c00000, 0x0000000082c00000, 0x0000000082d00000|  0%| F|  |TAMS 0x0000000082c00000, 0x0000000082c00000| Untracked 
|  15|0x0000000082d00000, 0x0000000082d00000, 0x0000000082e00000|  0%| F|  |TAMS 0x0000000082d00000, 0x0000000082d00000| Untracked 
|  16|0x0000000082e00000, 0x0000000082e00000, 0x0000000082f00000|  0%| F|  |TAMS 0x0000000082e00000, 0x0000000082e00000| Untracked 
|  17|0x0000000082f00000, 0x0000000082f00000, 0x0000000083000000|  0%| F|  |TAMS 0x0000000082f00000, 0x0000000082f00000| Untracked 
|  18|0x0000000083000000, 0x0000000083000000, 0x0000000083100000|  0%| F|  |TAMS 0x0000000083000000, 0x0000000083000000| Untracked 
|  19|0x0000000083100000, 0x0000000083100000, 0x0000000083200000|  0%| F|  |TAMS 0x0000000083100000, 0x0000000083100000| Untracked 
|  20|0x0000000083200000, 0x0000000083200000, 0x0000000083300000|  0%| F|  |TAMS 0x0000000083200000, 0x0000000083200000| Untracked 
|  21|0x0000000083300000, 0x0000000083300000, 0x0000000083400000|  0%| F|  |TAMS 0x0000000083300000, 0x0000000083300000| Untracked 
|  22|0x0000000083400000, 0x0000000083400000, 0x0000000083500000|  0%| F|  |TAMS 0x0000000083400000, 0x0000000083400000| Untracked 
|  23|0x0000000083500000, 0x0000000083500000, 0x0000000083600000|  0%| F|  |TAMS 0x0000000083500000, 0x0000000083500000| Untracked 
|  24|0x0000000083600000, 0x0000000083600000, 0x0000000083700000|  0%| F|  |TAMS 0x0000000083600000, 0x0000000083600000| Untracked 
|  25|0x0000000083700000, 0x0000000083700000, 0x0000000083800000|  0%| F|  |TAMS 0x0000000083700000, 0x0000000083700000| Untracked 
|  26|0x0000000083800000, 0x0000000083800000, 0x0000000083900000|  0%| F|  |TAMS 0x0000000083800000, 0x0000000083800000| Untracked 
|  27|0x0000000083900000, 0x0000000083900000, 0x0000000083a00000|  0%| F|  |TAMS 0x0000000083900000, 0x0000000083900000| Untracked 
|  28|0x0000000083a00000, 0x0000000083a00000, 0x0000000083b00000|  0%| F|  |TAMS 0x0000000083a00000, 0x0000000083a00000| Untracked 
|  29|0x0000000083b00000, 0x0000000083b00000, 0x0000000083c00000|  0%| F|  |TAMS 0x0000000083b00000, 0x0000000083b00000| Untracked 
|  30|0x0000000083c00000, 0x0000000083c00000, 0x0000000083d00000|  0%| F|  |TAMS 0x0000000083c00000, 0x0000000083c00000| Untracked 
|  31|0x0000000083d00000, 0x0000000083d00000, 0x0000000083e00000|  0%| F|  |TAMS 0x0000000083d00000, 0x0000000083d00000| Untracked 
|  32|0x0000000083e00000, 0x0000000083e00000, 0x0000000083f00000|  0%| F|  |TAMS 0x0000000083e00000, 0x0000000083e00000| Untracked 
|  33|0x0000000083f00000, 0x0000000083f00000, 0x0000000084000000|  0%| F|  |TAMS 0x0000000083f00000, 0x0000000083f00000| Untracked 
|  34|0x0000000084000000, 0x0000000084000000, 0x0000000084100000|  0%| F|  |TAMS 0x0000000084000000, 0x0000000084000000| Untracked 
|  35|0x0000000084100000, 0x0000000084100000, 0x0000000084200000|  0%| F|  |TAMS 0x0000000084100000, 0x0000000084100000| Untracked 
|  36|0x0000000084200000, 0x0000000084200000, 0x0000000084300000|  0%| F|  |TAMS 0x0000000084200000, 0x0000000084200000| Untracked 
|  37|0x0000000084300000, 0x0000000084300000, 0x0000000084400000|  0%| F|  |TAMS 0x0000000084300000, 0x0000000084300000| Untracked 
|  38|0x0000000084400000, 0x0000000084400000, 0x0000000084500000|  0%| F|  |TAMS 0x0000000084400000, 0x0000000084400000| Untracked 
|  39|0x0000000084500000, 0x0000000084500000, 0x0000000084600000|  0%| F|  |TAMS 0x0000000084500000, 0x0000000084500000| Untracked 
|  40|0x0000000084600000, 0x0000000084600000, 0x0000000084700000|  0%| F|  |TAMS 0x0000000084600000, 0x0000000084600000| Untracked 
|  41|0x0000000084700000, 0x0000000084700000, 0x0000000084800000|  0%| F|  |TAMS 0x0000000084700000, 0x0000000084700000| Untracked 
|  42|0x0000000084800000, 0x0000000084800000, 0x0000000084900000|  0%| F|  |TAMS 0x0000000084800000, 0x0000000084800000| Untracked 
|  43|0x0000000084900000, 0x0000000084900000, 0x0000000084a00000|  0%| F|  |TAMS 0x0000000084900000, 0x0000000084900000| Untracked 
|  44|0x0000000084a00000, 0x0000000084a00000, 0x0000000084b00000|  0%| F|  |TAMS 0x0000000084a00000, 0x0000000084a00000| Untracked 
|  45|0x0000000084b00000, 0x0000000084b00000, 0x0000000084c00000|  0%| F|  |TAMS 0x0000000084b00000, 0x0000000084b00000| Untracked 
|  46|0x0000000084c00000, 0x0000000084c00000, 0x0000000084d00000|  0%| F|  |TAMS 0x0000000084c00000, 0x0000000084c00000| Untracked 
|  47|0x0000000084d00000, 0x0000000084d00000, 0x0000000084e00000|  0%| F|  |TAMS 0x0000000084d00000, 0x0000000084d00000| Untracked 
|  48|0x0000000084e00000, 0x0000000084e00000, 0x0000000084f00000|  0%| F|  |TAMS 0x0000000084e00000, 0x0000000084e00000| Untracked 
|  49|0x0000000084f00000, 0x0000000084f00000, 0x0000000085000000|  0%| F|  |TAMS 0x0000000084f00000, 0x0000000084f00000| Untracked 
|  50|0x0000000085000000, 0x0000000085000000, 0x0000000085100000|  0%| F|  |TAMS 0x0000000085000000, 0x0000000085000000| Untracked 
|  51|0x0000000085100000, 0x0000000085100000, 0x0000000085200000|  0%| F|  |TAMS 0x0000000085100000, 0x0000000085100000| Untracked 
|  52|0x0000000085200000, 0x0000000085200000, 0x0000000085300000|  0%| F|  |TAMS 0x0000000085200000, 0x0000000085200000| Untracked 
|  53|0x0000000085300000, 0x0000000085300000, 0x0000000085400000|  0%| F|  |TAMS 0x0000000085300000, 0x0000000085300000| Untracked 
|  54|0x0000000085400000, 0x0000000085400000, 0x0000000085500000|  0%| F|  |TAMS 0x0000000085400000, 0x0000000085400000| Untracked 
|  55|0x0000000085500000, 0x0000000085500000, 0x0000000085600000|  0%| F|  |TAMS 0x0000000085500000, 0x0000000085500000| Untracked 
|  56|0x0000000085600000, 0x0000000085600000, 0x0000000085700000|  0%| F|  |TAMS 0x0000000085600000, 0x0000000085600000| Untracked 
|  57|0x0000000085700000, 0x0000000085700000, 0x0000000085800000|  0%| F|  |TAMS 0x0000000085700000, 0x0000000085700000| Untracked 
|  58|0x0000000085800000, 0x0000000085800000, 0x0000000085900000|  0%| F|  |TAMS 0x0000000085800000, 0x0000000085800000| Untracked 
|  59|0x0000000085900000, 0x0000000085900000, 0x0000000085a00000|  0%| F|  |TAMS 0x0000000085900000, 0x0000000085900000| Untracked 
|  60|0x0000000085a00000, 0x0000000085a00000, 0x0000000085b00000|  0%| F|  |TAMS 0x0000000085a00000, 0x0000000085a00000| Untracked 
|  61|0x0000000085b00000, 0x0000000085b00000, 0x0000000085c00000|  0%| F|  |TAMS 0x0000000085b00000, 0x0000000085b00000| Untracked 
|  62|0x0000000085c00000, 0x0000000085c00000, 0x0000000085d00000|  0%| F|  |TAMS 0x0000000085c00000, 0x0000000085c00000| Untracked 
|  63|0x0000000085d00000, 0x0000000085d00000, 0x0000000085e00000|  0%| F|  |TAMS 0x0000000085d00000, 0x0000000085d00000| Untracked 
|  64|0x0000000085e00000, 0x0000000085e00000, 0x0000000085f00000|  0%| F|  |TAMS 0x0000000085e00000, 0x0000000085e00000| Untracked 
|  65|0x0000000085f00000, 0x0000000085f00000, 0x0000000086000000|  0%| F|  |TAMS 0x0000000085f00000, 0x0000000085f00000| Untracked 
|  66|0x0000000086000000, 0x0000000086000000, 0x0000000086100000|  0%| F|  |TAMS 0x0000000086000000, 0x0000000086000000| Untracked 
|  67|0x0000000086100000, 0x0000000086100000, 0x0000000086200000|  0%| F|  |TAMS 0x0000000086100000, 0x0000000086100000| Untracked 
|  68|0x0000000086200000, 0x0000000086200000, 0x0000000086300000|  0%| F|  |TAMS 0x0000000086200000, 0x0000000086200000| Untracked 
|  69|0x0000000086300000, 0x0000000086300000, 0x0000000086400000|  0%| F|  |TAMS 0x0000000086300000, 0x0000000086300000| Untracked 
|  70|0x0000000086400000, 0x0000000086400000, 0x0000000086500000|  0%| F|  |TAMS 0x0000000086400000, 0x0000000086400000| Untracked 
|  71|0x0000000086500000, 0x0000000086500000, 0x0000000086600000|  0%| F|  |TAMS 0x0000000086500000, 0x0000000086500000| Untracked 
|  72|0x0000000086600000, 0x0000000086600000, 0x0000000086700000|  0%| F|  |TAMS 0x0000000086600000, 0x0000000086600000| Untracked 
|  73|0x0000000086700000, 0x0000000086700000, 0x0000000086800000|  0%| F|  |TAMS 0x0000000086700000, 0x0000000086700000| Untracked 
|  74|0x0000000086800000, 0x0000000086800000, 0x0000000086900000|  0%| F|  |TAMS 0x0000000086800000, 0x0000000086800000| Untracked 
|  75|0x0000000086900000, 0x0000000086900000, 0x0000000086a00000|  0%| F|  |TAMS 0x0000000086900000, 0x0000000086900000| Untracked 
|  76|0x0000000086a00000, 0x0000000086a00000, 0x0000000086b00000|  0%| F|  |TAMS 0x0000000086a00000, 0x0000000086a00000| Untracked 
|  77|0x0000000086b00000, 0x0000000086b00000, 0x0000000086c00000|  0%| F|  |TAMS 0x0000000086b00000, 0x0000000086b00000| Untracked 
|  78|0x0000000086c00000, 0x0000000086c00000, 0x0000000086d00000|  0%| F|  |TAMS 0x0000000086c00000, 0x0000000086c00000| Untracked 
|  79|0x0000000086d00000, 0x0000000086d00000, 0x0000000086e00000|  0%| F|  |TAMS 0x0000000086d00000, 0x0000000086d00000| Untracked 
|  80|0x0000000086e00000, 0x0000000086e00000, 0x0000000086f00000|  0%| F|  |TAMS 0x0000000086e00000, 0x0000000086e00000| Untracked 
|  81|0x0000000086f00000, 0x0000000086f00000, 0x0000000087000000|  0%| F|  |TAMS 0x0000000086f00000, 0x0000000086f00000| Untracked 
|  82|0x0000000087000000, 0x0000000087000000, 0x0000000087100000|  0%| F|  |TAMS 0x0000000087000000, 0x0000000087000000| Untracked 
|  83|0x0000000087100000, 0x0000000087100000, 0x0000000087200000|  0%| F|  |TAMS 0x0000000087100000, 0x0000000087100000| Untracked 
|  84|0x0000000087200000, 0x0000000087200000, 0x0000000087300000|  0%| F|  |TAMS 0x0000000087200000, 0x0000000087200000| Untracked 
|  85|0x0000000087300000, 0x0000000087300000, 0x0000000087400000|  0%| F|  |TAMS 0x0000000087300000, 0x0000000087300000| Untracked 
|  86|0x0000000087400000, 0x0000000087400000, 0x0000000087500000|  0%| F|  |TAMS 0x0000000087400000, 0x0000000087400000| Untracked 
|  87|0x0000000087500000, 0x0000000087500000, 0x0000000087600000|  0%| F|  |TAMS 0x0000000087500000, 0x0000000087500000| Untracked 
|  88|0x0000000087600000, 0x0000000087600000, 0x0000000087700000|  0%| F|  |TAMS 0x0000000087600000, 0x0000000087600000| Untracked 
|  89|0x0000000087700000, 0x0000000087700000, 0x0000000087800000|  0%| F|  |TAMS 0x0000000087700000, 0x0000000087700000| Untracked 
|  90|0x0000000087800000, 0x0000000087800000, 0x0000000087900000|  0%| F|  |TAMS 0x0000000087800000, 0x0000000087800000| Untracked 
|  91|0x0000000087900000, 0x0000000087900000, 0x0000000087a00000|  0%| F|  |TAMS 0x0000000087900000, 0x0000000087900000| Untracked 
|  92|0x0000000087a00000, 0x0000000087a00000, 0x0000000087b00000|  0%| F|  |TAMS 0x0000000087a00000, 0x0000000087a00000| Untracked 
|  93|0x0000000087b00000, 0x0000000087b00000, 0x0000000087c00000|  0%| F|  |TAMS 0x0000000087b00000, 0x0000000087b00000| Untracked 
|  94|0x0000000087c00000, 0x0000000087c00000, 0x0000000087d00000|  0%| F|  |TAMS 0x0000000087c00000, 0x0000000087c00000| Untracked 
|  95|0x0000000087d00000, 0x0000000087d00000, 0x0000000087e00000|  0%| F|  |TAMS 0x0000000087d00000, 0x0000000087d00000| Untracked 
|  96|0x0000000087e00000, 0x0000000087e00000, 0x0000000087f00000|  0%| F|  |TAMS 0x0000000087e00000, 0x0000000087e00000| Untracked 
|  97|0x0000000087f00000, 0x0000000087f00000, 0x0000000088000000|  0%| F|  |TAMS 0x0000000087f00000, 0x0000000087f00000| Untracked 
|  98|0x0000000088000000, 0x0000000088000000, 0x0000000088100000|  0%| F|  |TAMS 0x0000000088000000, 0x0000000088000000| Untracked 
|  99|0x0000000088100000, 0x0000000088100000, 0x0000000088200000|  0%| F|  |TAMS 0x0000000088100000, 0x0000000088100000| Untracked 
| 100|0x0000000088200000, 0x0000000088200000, 0x0000000088300000|  0%| F|  |TAMS 0x0000000088200000, 0x0000000088200000| Untracked 
| 101|0x0000000088300000, 0x0000000088300000, 0x0000000088400000|  0%| F|  |TAMS 0x0000000088300000, 0x0000000088300000| Untracked 
| 102|0x0000000088400000, 0x0000000088400000, 0x0000000088500000|  0%| F|  |TAMS 0x0000000088400000, 0x0000000088400000| Untracked 
| 103|0x0000000088500000, 0x0000000088500000, 0x0000000088600000|  0%| F|  |TAMS 0x0000000088500000, 0x0000000088500000| Untracked 
| 104|0x0000000088600000, 0x0000000088600000, 0x0000000088700000|  0%| F|  |TAMS 0x0000000088600000, 0x0000000088600000| Untracked 
| 105|0x0000000088700000, 0x0000000088700000, 0x0000000088800000|  0%| F|  |TAMS 0x0000000088700000, 0x0000000088700000| Untracked 
| 106|0x0000000088800000, 0x0000000088800000, 0x0000000088900000|  0%| F|  |TAMS 0x0000000088800000, 0x0000000088800000| Untracked 
| 107|0x0000000088900000, 0x0000000088900000, 0x0000000088a00000|  0%| F|  |TAMS 0x0000000088900000, 0x0000000088900000| Untracked 
| 108|0x0000000088a00000, 0x0000000088a00000, 0x0000000088b00000|  0%| F|  |TAMS 0x0000000088a00000, 0x0000000088a00000| Untracked 
| 109|0x0000000088b00000, 0x0000000088b76a98, 0x0000000088c00000| 46%| E|  |TAMS 0x0000000088b00000, 0x0000000088b00000| Complete 
| 110|0x0000000088c00000, 0x0000000088d00000, 0x0000000088d00000|100%| E|CS|TAMS 0x0000000088c00000, 0x0000000088c00000| Complete 
| 111|0x0000000088d00000, 0x0000000088e00000, 0x0000000088e00000|100%| E|CS|TAMS 0x0000000088d00000, 0x0000000088d00000| Complete 
| 112|0x0000000088e00000, 0x0000000088f00000, 0x0000000088f00000|100%| E|CS|TAMS 0x0000000088e00000, 0x0000000088e00000| Complete 
| 113|0x0000000088f00000, 0x0000000089000000, 0x0000000089000000|100%| E|CS|TAMS 0x0000000088f00000, 0x0000000088f00000| Complete 
| 114|0x0000000089000000, 0x0000000089100000, 0x0000000089100000|100%| E|CS|TAMS 0x0000000089000000, 0x0000000089000000| Complete 
| 115|0x0000000089100000, 0x0000000089200000, 0x0000000089200000|100%| E|CS|TAMS 0x0000000089100000, 0x0000000089100000| Complete 
| 116|0x0000000089200000, 0x0000000089300000, 0x0000000089300000|100%| E|CS|TAMS 0x0000000089200000, 0x0000000089200000| Complete 
| 117|0x0000000089300000, 0x0000000089400000, 0x0000000089400000|100%| E|CS|TAMS 0x0000000089300000, 0x0000000089300000| Complete 
| 118|0x0000000089400000, 0x0000000089500000, 0x0000000089500000|100%| E|CS|TAMS 0x0000000089400000, 0x0000000089400000| Complete 
| 119|0x0000000089500000, 0x0000000089600000, 0x0000000089600000|100%| E|CS|TAMS 0x0000000089500000, 0x0000000089500000| Complete 
| 120|0x0000000089600000, 0x0000000089700000, 0x0000000089700000|100%| E|  |TAMS 0x0000000089600000, 0x0000000089600000| Complete 
| 121|0x0000000089700000, 0x0000000089800000, 0x0000000089800000|100%| E|CS|TAMS 0x0000000089700000, 0x0000000089700000| Complete 
| 122|0x0000000089800000, 0x0000000089900000, 0x0000000089900000|100%| E|CS|TAMS 0x0000000089800000, 0x0000000089800000| Complete 
| 123|0x0000000089900000, 0x0000000089a00000, 0x0000000089a00000|100%| E|CS|TAMS 0x0000000089900000, 0x0000000089900000| Complete 
| 124|0x0000000089a00000, 0x0000000089b00000, 0x0000000089b00000|100%| E|CS|TAMS 0x0000000089a00000, 0x0000000089a00000| Complete 
| 125|0x0000000089b00000, 0x0000000089c00000, 0x0000000089c00000|100%| E|CS|TAMS 0x0000000089b00000, 0x0000000089b00000| Complete 
| 126|0x0000000089c00000, 0x0000000089d00000, 0x0000000089d00000|100%| E|CS|TAMS 0x0000000089c00000, 0x0000000089c00000| Complete 
| 127|0x0000000089d00000, 0x0000000089e00000, 0x0000000089e00000|100%| E|CS|TAMS 0x0000000089d00000, 0x0000000089d00000| Complete 

Card table byte_map: [0x0000015da4180000,0x0000015da4580000] _byte_map_base: 0x0000015da3d71000

Marking Bits (Prev, Next): (CMBitMap*) 0x0000015d8cb56fd0, (CMBitMap*) 0x0000015d8cb57010
 Prev Bits: [0x0000015da4980000, 0x0000015da6908000)
 Next Bits: [0x0000015da6910000, 0x0000015da8898000)

Polling page: 0x0000015d8c2b0000

Metaspace:

Usage:
  Non-class:      6.70 MB used.
      Class:    738.01 KB used.
       Both:      7.43 MB used.

Virtual space:
  Non-class space:       64.00 MB reserved,       6.81 MB ( 11%) committed,  1 nodes.
      Class space:        1.00 GB reserved,     896.00 KB ( <1%) committed,  1 nodes.
             Both:        1.06 GB reserved,       7.69 MB ( <1%) committed. 

Chunk freelists:
   Non-Class:  774.00 KB
       Class:  3.19 MB
        Both:  3.94 MB

MaxMetaspaceSize: unlimited
CompressedClassSpaceSize: 1.00 GB
Initial GC threshold: 21.00 MB
Current GC threshold: 21.00 MB
CDS: on
MetaspaceReclaimPolicy: balanced
 - commit_granule_bytes: 65536.
 - commit_granule_words: 8192.
 - virtual_space_node_default_size: 8388608.
 - enlarge_chunks_in_place: 1.
 - new_chunks_are_fully_committed: 0.
 - uncommit_free_chunks: 1.
 - use_allocation_guard: 0.


Internal statistics:

num_allocs_failed_limit: 0.
num_arena_births: 124.
num_arena_deaths: 0.
num_vsnodes_births: 2.
num_vsnodes_deaths: 0.
num_space_committed: 123.
num_space_uncommitted: 0.
num_chunks_returned_to_freelist: 0.
num_chunks_taken_from_freelist: 194.
num_chunk_merges: 0.
num_chunk_splits: 123.
num_chunks_enlarged: 84.
num_inconsistent_stats: 0.

CodeHeap 'non-profiled nmethods': size=120000Kb used=350Kb max_used=350Kb free=119649Kb
 bounds [0x0000015d9c520000, 0x0000015d9c790000, 0x0000015da3a50000]
CodeHeap 'profiled nmethods': size=120000Kb used=1538Kb max_used=1538Kb free=118461Kb
 bounds [0x0000015d94a50000, 0x0000015d94cc0000, 0x0000015d9bf80000]
CodeHeap 'non-nmethods': size=5760Kb used=1240Kb max_used=1271Kb free=4519Kb
 bounds [0x0000015d9bf80000, 0x0000015d9c1f0000, 0x0000015d9c520000]
 total_blobs=1416 nmethods=967 adapters=360
 compilation: enabled
              stopped_count=0, restarted_count=0
 full_count=0

Compilation events (20 events):
Event: 0.791 Thread 0x0000015dab2dee20 nmethod 955 0x0000015d94bcb890 code [0x0000015d94bcba40, 0x0000015d94bcbd68]
Event: 0.791 Thread 0x0000015dab2dee20  956       3       java.security.CodeSource::getCertificates (98 bytes)
Event: 0.792 Thread 0x0000015dab2dee20 nmethod 956 0x0000015d94bcbe10 code [0x0000015d94bcc080, 0x0000015d94bcccb8]
Event: 0.794 Thread 0x0000015dab2dee20  957       3       sun.invoke.util.BytecodeDescriptor::unparse (24 bytes)
Event: 0.794 Thread 0x0000015dab2dee20 nmethod 957 0x0000015d94bcd010 code [0x0000015d94bcd1e0, 0x0000015d94bcd3e8]
Event: 0.794 Thread 0x0000015dab2dee20  958       3       java.lang.invoke.MethodType::changeReturnType (20 bytes)
Event: 0.794 Thread 0x0000015dab2dee20 nmethod 958 0x0000015d94bcd490 code [0x0000015d94bcd640, 0x0000015d94bcd808]
Event: 0.795 Thread 0x0000015dab2dee20  959       3       sun.invoke.util.VerifyAccess::isClassAccessible (230 bytes)
Event: 0.796 Thread 0x0000015dab2dee20 nmethod 959 0x0000015d94bcd890 code [0x0000015d94bcdba0, 0x0000015d94bcea38]
Event: 0.796 Thread 0x0000015dab2dee20  961       3       java.lang.invoke.MemberName::getType (19 bytes)
Event: 0.797 Thread 0x0000015dab2dee20 nmethod 961 0x0000015d94bcee10 code [0x0000015d94bcf000, 0x0000015d94bcf3b8]
Event: 0.797 Thread 0x0000015dab2dee20  960       3       java.lang.invoke.MethodHandles$Lookup::isClassAccessible (53 bytes)
Event: 0.797 Thread 0x0000015dab2dee20 nmethod 960 0x0000015d94bcf510 code [0x0000015d94bcf720, 0x0000015d94bcfcf8]
Event: 0.797 Thread 0x0000015dab2dee20  963       3       jdk.internal.org.objectweb.asm.Type::getDescriptor (93 bytes)
Event: 0.798 Thread 0x0000015dab2dee20 nmethod 963 0x0000015d94bcff10 code [0x0000015d94bd0160, 0x0000015d94bd0838]
Event: 0.798 Thread 0x0000015dab2dee20  964       3       java.net.URLStreamHandler::parseURL (1124 bytes)
Event: 0.799 Thread 0x0000015dab2da6e0  966       4       java.io.WinNTFileSystem::normalize (143 bytes)
Event: 0.802 Thread 0x0000015dafaac5d0  971       4       java.lang.String::getBytes (44 bytes)
Event: 0.802 Thread 0x0000015dab2da6e0 nmethod 966 0x0000015d9c575f90 code [0x0000015d9c576140, 0x0000015d9c576390]
Event: 0.804 Thread 0x0000015dafaac5d0 nmethod 971 0x0000015d9c576610 code [0x0000015d9c5767a0, 0x0000015d9c5768d8]

GC Heap History (0 events):
No events

Dll operation events (10 events):
Event: 0.013 Loaded shared library C:\Program Files\Java\jdk-19\bin\java.dll
Event: 0.015 Loaded shared library C:\Program Files\Java\jdk-19\bin\zip.dll
Event: 0.028 Loaded shared library C:\Program Files\Java\jdk-19\bin\jsvml.dll
Event: 0.181 Loaded shared library C:\Program Files\Java\jdk-19\bin\instrument.dll
Event: 0.232 Loaded shared library C:\Program Files\Java\jdk-19\bin\net.dll
Event: 0.234 Loaded shared library C:\Program Files\Java\jdk-19\bin\nio.dll
Event: 0.241 Loaded shared library C:\Program Files\Java\jdk-19\bin\zip.dll
Event: 0.258 Loaded shared library C:\Program Files\Java\jdk-19\bin\extnet.dll
Event: 0.349 Loaded shared library C:\Program Files\Java\jdk-19\bin\verify.dll
Event: 0.362 Loaded shared library C:\Program Files\Java\jdk-19\bin\jimage.dll

Deoptimization events (20 events):
Event: 0.665 Thread 0x0000015d8caf87e0 Uncommon trap: trap_request=0xffffff45 fr.pc=0x0000015d9c53a784 relative=0x0000000000000064
Event: 0.665 Thread 0x0000015d8caf87e0 Uncommon trap: reason=unstable_if action=reinterpret pc=0x0000015d9c53a784 method=java.io.WinNTFileSystem.isSlash(C)Z @ 9 c2
Event: 0.665 Thread 0x0000015d8caf87e0 DEOPT PACKING pc=0x0000015d9c53a784 sp=0x00000021957fe000
Event: 0.665 Thread 0x0000015d8caf87e0 DEOPT UNPACKING pc=0x0000015d9bfe6da3 sp=0x00000021957fdf88 mode 2
Event: 0.665 Thread 0x0000015d8caf87e0 Uncommon trap: trap_request=0xffffffde fr.pc=0x0000015d9c563fc0 relative=0x0000000000000280
Event: 0.665 Thread 0x0000015d8caf87e0 Uncommon trap: reason=class_check action=maybe_recompile pc=0x0000015d9c563fc0 method=java.util.HashMap.getNode(Ljava/lang/Object;)Ljava/util/HashMap$Node; @ 128 c2
Event: 0.665 Thread 0x0000015d8caf87e0 DEOPT PACKING pc=0x0000015d9c563fc0 sp=0x00000021957fdf90
Event: 0.665 Thread 0x0000015d8caf87e0 DEOPT UNPACKING pc=0x0000015d9bfe6da3 sp=0x00000021957fdef8 mode 2
Event: 0.675 Thread 0x0000015d8caf87e0 Uncommon trap: trap_request=0xffffff45 fr.pc=0x0000015d9c559580 relative=0x0000000000000b40
Event: 0.675 Thread 0x0000015d8caf87e0 Uncommon trap: reason=unstable_if action=reinterpret pc=0x0000015d9c559580 method=java.util.HashMap.putVal(ILjava/lang/Object;Ljava/lang/Object;ZZ)Ljava/lang/Object; @ 181 c2
Event: 0.675 Thread 0x0000015d8caf87e0 DEOPT PACKING pc=0x0000015d9c559580 sp=0x00000021957fead0
Event: 0.675 Thread 0x0000015d8caf87e0 DEOPT UNPACKING pc=0x0000015d9bfe6da3 sp=0x00000021957fea80 mode 2
Event: 0.683 Thread 0x0000015d8caf87e0 Uncommon trap: trap_request=0xffffffde fr.pc=0x0000015d9c563fc0 relative=0x0000000000000280
Event: 0.683 Thread 0x0000015d8caf87e0 Uncommon trap: reason=class_check action=maybe_recompile pc=0x0000015d9c563fc0 method=java.util.HashMap.getNode(Ljava/lang/Object;)Ljava/util/HashMap$Node; @ 128 c2
Event: 0.683 Thread 0x0000015d8caf87e0 DEOPT PACKING pc=0x0000015d9c563fc0 sp=0x00000021957fe2d0
Event: 0.683 Thread 0x0000015d8caf87e0 DEOPT UNPACKING pc=0x0000015d9bfe6da3 sp=0x00000021957fe238 mode 2
Event: 0.698 Thread 0x0000015d8caf87e0 Uncommon trap: trap_request=0xffffff45 fr.pc=0x0000015d9c54a64c relative=0x000000000000022c
Event: 0.698 Thread 0x0000015d8caf87e0 Uncommon trap: reason=unstable_if action=reinterpret pc=0x0000015d9c54a64c method=java.lang.String.startsWith(Ljava/lang/String;I)Z @ 1 c2
Event: 0.698 Thread 0x0000015d8caf87e0 DEOPT PACKING pc=0x0000015d9c54a64c sp=0x00000021957fcc10
Event: 0.698 Thread 0x0000015d8caf87e0 DEOPT UNPACKING pc=0x0000015d9bfe6da3 sp=0x00000021957fcb78 mode 2

Classes loaded (20 events):
Event: 0.806 Loading class org/testng/ISuiteResult
Event: 0.806 Loading class org/testng/ISuiteResult done
Event: 0.806 Loading class org/testng/internal/Systematiser
Event: 0.806 Loading class org/testng/internal/Systematiser done
Event: 0.807 Loading class org/testng/ITestNGMethod
Event: 0.807 Loading class org/testng/ITestNGMethod done
Event: 0.808 Loading class org/testng/ITestNGMethod
Event: 0.808 Loading class org/testng/ITestNGMethod done
Event: 0.810 Loading class org/testng/ITestNGMethod
Event: 0.810 Loading class org/testng/ITestNGMethod done
Event: 0.810 Loading class org/testng/ITestNGMethod
Event: 0.810 Loading class org/testng/ITestNGMethod done
Event: 0.812 Loading class org/testng/ITestNGMethod
Event: 0.812 Loading class org/testng/ITestNGMethod done
Event: 0.813 Loading class org/testng/ITestNGMethod
Event: 0.813 Loading class org/testng/ITestNGMethod done
Event: 0.813 Loading class org/testng/internal/Systematiser$Order
Event: 0.813 Loading class org/testng/internal/Systematiser$Order done
Event: 0.814 Loading class org/testng/internal/Systematiser$4
Event: 0.814 Loading class org/testng/internal/Systematiser$4 done

Classes unloaded (0 events):
No events

Classes redefined (1 events):
Event: 0.214 Thread 0x0000015dab2b13e0 redefined class name=java.lang.Throwable, count=1

Internal exceptions (20 events):
Event: 0.182 Thread 0x0000015d8caf87e0 Exception <a 'java/lang/NoSuchMethodError'{0x0000000089b55928}: 'void java.lang.invoke.DirectMethodHandle$Holder.invokeStatic(java.lang.Object, java.lang.Object, java.lang.Object)'> (0x0000000089b55928) 
thrown [s\open\src\hotspot\share\interpreter\linkResolver.cpp, line 774]
Event: 0.191 Thread 0x0000015d8caf87e0 Exception <a 'java/lang/NoSuchMethodError'{0x0000000089b6df20}: 'java.lang.Object java.lang.invoke.Invokers$Holder.invokeExact_MT(java.lang.Object, java.lang.Object, java.lang.Object, java.lang.Object, java.lang.Object)'> (0x0000000089b6df20) 
thrown [s\open\src\hotspot\share\interpreter\linkResolver.cpp, line 774]
Event: 0.259 Thread 0x0000015daf85fef0 Exception <a 'java/lang/NoSuchMethodError'{0x0000000089952ec0}: 'void java.lang.invoke.DirectMethodHandle$Holder.invokeStatic(java.lang.Object, java.lang.Object)'> (0x0000000089952ec0) 
thrown [s\open\src\hotspot\share\interpreter\linkResolver.cpp, line 774]
Event: 0.259 Thread 0x0000015d8caf87e0 Exception <a 'java/lang/NoSuchMethodError'{0x0000000089ad5810}: 'void java.lang.invoke.DirectMethodHandle$Holder.invokeStatic(java.lang.Object, java.lang.Object)'> (0x0000000089ad5810) 
thrown [s\open\src\hotspot\share\interpreter\linkResolver.cpp, line 774]
Event: 0.426 Thread 0x0000015d8caf87e0 Exception <a 'java/lang/NoClassDefFoundError'{0x000000008939bfa0}: org/slf4j/impl/StaticLoggerBinder> (0x000000008939bfa0) 
thrown [s\open\src\hotspot\share\classfile\systemDictionary.cpp, line 244]
Event: 0.447 Thread 0x0000015d8caf87e0 Exception <a 'java/lang/NoSuchMethodError'{0x00000000892351a0}: 'int java.lang.invoke.DirectMethodHandle$Holder.invokeStaticInit(java.lang.Object, java.lang.Object)'> (0x00000000892351a0) 
thrown [s\open\src\hotspot\share\interpreter\linkResolver.cpp, line 774]
Event: 0.540 Thread 0x0000015d8caf87e0 Exception <a 'java/lang/NoSuchMethodError'{0x000000008903ccf0}: 'int java.lang.invoke.DirectMethodHandle$Holder.invokeSpecial(java.lang.Object, java.lang.Object, java.lang.Object)'> (0x000000008903ccf0) 
thrown [s\open\src\hotspot\share\interpreter\linkResolver.cpp, line 774]
Event: 0.542 Thread 0x0000015d8caf87e0 Exception <a 'java/lang/NoSuchMethodError'{0x0000000089047a50}: 'void java.lang.invoke.DelegatingMethodHandle$Holder.reinvoke_L(java.lang.Object, java.lang.Object, int)'> (0x0000000089047a50) 
thrown [s\open\src\hotspot\share\interpreter\linkResolver.cpp, line 774]
Event: 0.544 Thread 0x0000015d8caf87e0 Exception <a 'java/lang/NoSuchMethodError'{0x000000008904e870}: 'int java.lang.invoke.Invokers$Holder.invokeExact_MT(java.lang.Object, java.lang.Object, java.lang.Object)'> (0x000000008904e870) 
thrown [s\open\src\hotspot\share\interpreter\linkResolver.cpp, line 774]
Event: 0.556 Thread 0x0000015d8caf87e0 Exception <a 'java/lang/NoSuchMethodError'{0x00000000890778c8}: 'void java.lang.invoke.Invokers$Holder.invokeExact_MT(java.lang.Object, java.lang.Object, java.lang.Object, java.lang.Object)'> (0x00000000890778c8) 
thrown [s\open\src\hotspot\share\interpreter\linkResolver.cpp, line 774]
Event: 0.561 Thread 0x0000015d8caf87e0 Exception <a 'java/lang/NoSuchMethodError'{0x0000000089085568}: 'void java.lang.invoke.DirectMethodHandle$Holder.invokeVirtual(java.lang.Object, java.lang.Object, int)'> (0x0000000089085568) 
thrown [s\open\src\hotspot\share\interpreter\linkResolver.cpp, line 774]
Event: 0.564 Thread 0x0000015d8caf87e0 Exception <a 'java/lang/NoSuchMethodError'{0x000000008908dfc0}: 'void java.lang.invoke.DirectMethodHandle$Holder.invokeSpecial(java.lang.Object, java.lang.Object, java.lang.Object)'> (0x000000008908dfc0) 
thrown [s\open\src\hotspot\share\interpreter\linkResolver.cpp, line 774]
Event: 0.649 Thread 0x0000015d8caf87e0 Exception <a 'java/lang/ClassNotFoundException'{0x0000000088e4e960}: com/sun/org/apache/xerces/internal/impl/msg/spi/SAXMessagesProvider> (0x0000000088e4e960) 
thrown [s\open\src\hotspot\share\classfile\systemDictionary.cpp, line 255]
Event: 0.713 Thread 0x0000015d8caf87e0 Exception <a 'java/lang/NoSuchMethodError'{0x0000000088d9c248}: 'java.lang.Object java.lang.invoke.DirectMethodHandle$Holder.invokeStaticInit(java.lang.Object, int, int, int, int)'> (0x0000000088d9c248) 
thrown [s\open\src\hotspot\share\interpreter\linkResolver.cpp, line 774]
Event: 0.761 Thread 0x0000015d8caf87e0 Exception <a 'java/lang/NoSuchMethodError'{0x0000000088dfdbc0}: 'java.lang.Object java.lang.invoke.DirectMethodHandle$Holder.invokeStaticInit(java.lang.Object, java.lang.Object, int, int, int, int)'> (0x0000000088dfdbc0) 
thrown [s\open\src\hotspot\share\interpreter\linkResolver.cpp, line 774]
Event: 0.786 Thread 0x0000015d8caf87e0 Exception <a 'java/lang/NoSuchMethodError'{0x0000000088c72730}: 'void java.lang.invoke.DirectMethodHandle$Holder.invokeVirtual(java.lang.Object, java.lang.Object)'> (0x0000000088c72730) 
thrown [s\open\src\hotspot\share\interpreter\linkResolver.cpp, line 774]
Event: 0.797 Thread 0x0000015d8caf87e0 Exception <a 'java/lang/NoSuchMethodError'{0x0000000088cbbaa8}: 'void java.lang.invoke.DirectMethodHandle$Holder.invokeStatic(java.lang.Object, java.lang.Object, java.lang.Object, java.lang.Object)'> (0x0000000088cbbaa8) 
thrown [s\open\src\hotspot\share\interpreter\linkResolver.cpp, line 774]
Event: 0.808 Thread 0x0000015d8caf87e0 Exception <a 'java/lang/NoSuchMethodError'{0x0000000088b08418}: 'int java.lang.invoke.DirectMethodHandle$Holder.invokeInterface(java.lang.Object, java.lang.Object)'> (0x0000000088b08418) 
thrown [s\open\src\hotspot\share\interpreter\linkResolver.cpp, line 774]
Event: 0.809 Thread 0x0000015d8caf87e0 Exception <a 'java/lang/NoSuchMethodError'{0x0000000088b12420}: 'java.lang.Object java.lang.invoke.Invokers$Holder.invokeExact_MT(java.lang.Object, java.lang.Object, java.lang.Object, java.lang.Object, java.lang.Object, java.lang.Object)'> (0x0000000088b12420) 
thrown [s\open\src\hotspot\share\interpreter\linkResolver.cpp, line 774]
Event: 0.811 Thread 0x0000015d8caf87e0 Exception <a 'java/lang/NoSuchMethodError'{0x0000000088b27bd8}: 'java.lang.Object java.lang.invoke.DirectMethodHandle$Holder.invokeInterface(java.lang.Object, java.lang.Object)'> (0x0000000088b27bd8) 
thrown [s\open\src\hotspot\share\interpreter\linkResolver.cpp, line 774]

VM Operations (20 events):
Event: 0.164 Executing VM operation: HandshakeAllThreads
Event: 0.164 Executing VM operation: HandshakeAllThreads done
Event: 0.213 Executing VM operation: RedefineClasses
Event: 0.215 Executing VM operation: RedefineClasses done
Event: 0.251 Executing VM operation: HandshakeAllThreads
Event: 0.251 Executing VM operation: HandshakeAllThreads done
Event: 0.477 Executing VM operation: HandshakeAllThreads
Event: 0.478 Executing VM operation: HandshakeAllThreads done
Event: 0.627 Executing VM operation: HandshakeAllThreads
Event: 0.627 Executing VM operation: HandshakeAllThreads done
Event: 0.660 Executing VM operation: HandshakeAllThreads
Event: 0.660 Executing VM operation: HandshakeAllThreads done
Event: 0.665 Executing VM operation: HandshakeAllThreads
Event: 0.665 Executing VM operation: HandshakeAllThreads done
Event: 0.695 Executing VM operation: HandshakeAllThreads
Event: 0.695 Executing VM operation: HandshakeAllThreads done
Event: 0.773 Executing VM operation: HandshakeAllThreads
Event: 0.773 Executing VM operation: HandshakeAllThreads done
Event: 0.773 Executing VM operation: HandshakeAllThreads
Event: 0.773 Executing VM operation: HandshakeAllThreads done

Events (15 events):
Event: 0.028 Thread 0x0000015d8caf87e0 Thread added: 0x0000015d8caf87e0
Event: 0.055 Thread 0x0000015dab2d03b0 Thread added: 0x0000015dab2d03b0
Event: 0.055 Thread 0x0000015dab2d0ce0 Thread added: 0x0000015dab2d0ce0
Event: 0.056 Thread 0x0000015dab2d2f50 Thread added: 0x0000015dab2d2f50
Event: 0.056 Thread 0x0000015dab2d3880 Thread added: 0x0000015dab2d3880
Event: 0.056 Thread 0x0000015dab2d4950 Thread added: 0x0000015dab2d4950
Event: 0.056 Thread 0x0000015dab2d91a0 Thread added: 0x0000015dab2d91a0
Event: 0.056 Thread 0x0000015dab2da6e0 Thread added: 0x0000015dab2da6e0
Event: 0.056 Thread 0x0000015dab2dee20 Thread added: 0x0000015dab2dee20
Event: 0.056 Thread 0x0000015dab2dff30 Thread added: 0x0000015dab2dff30
Event: 0.155 Thread 0x0000015dab2a2470 Thread added: 0x0000015dab2a2470
Event: 0.216 Thread 0x0000015daf7ff740 Thread added: 0x0000015daf7ff740
Event: 0.245 Thread 0x0000015daf85fef0 Thread added: 0x0000015daf85fef0
Event: 0.245 Thread 0x0000015daf8a2e20 Thread added: 0x0000015daf8a2e20
Event: 0.314 Thread 0x0000015dafaac5d0 Thread added: 0x0000015dafaac5d0


Dynamic libraries:
0x00007ff7de960000 - 0x00007ff7de970000 	C:\Program Files\Java\jdk-19\bin\java.exe
0x00007ff9355d0000 - 0x00007ff9357c8000 	C:\Windows\SYSTEM32\ntdll.dll
0x00007ff9349a0000 - 0x00007ff934a62000 	C:\Windows\System32\KERNEL32.DLL
0x00007ff933020000 - 0x00007ff933316000 	C:\Windows\System32\KERNELBASE.dll
0x00007ff932df0000 - 0x00007ff932ef0000 	C:\Windows\System32\ucrtbase.dll
0x00007ff92ee30000 - 0x00007ff92ee48000 	C:\Program Files\Java\jdk-19\bin\jli.dll
0x00007ff92ec70000 - 0x00007ff92ec8b000 	C:\Program Files\Java\jdk-19\bin\VCRUNTIME140.dll
0x00007ff934700000 - 0x00007ff9347b1000 	C:\Windows\System32\ADVAPI32.dll
0x00007ff933dd0000 - 0x00007ff933e6e000 	C:\Windows\System32\msvcrt.dll
0x00007ff933650000 - 0x00007ff9336ef000 	C:\Windows\System32\sechost.dll
0x00007ff933e70000 - 0x00007ff933f90000 	C:\Windows\System32\RPCRT4.dll
0x00007ff932c90000 - 0x00007ff932cb7000 	C:\Windows\System32\bcrypt.dll
0x00007ff9337a0000 - 0x00007ff933941000 	C:\Windows\System32\USER32.dll
0x00007ff9202f0000 - 0x00007ff92058b000 	C:\Windows\WinSxS\amd64_microsoft.windows.common-controls_6595b64144ccf1df_6.0.19041.6456_none_60b8a6cb71f64256\COMCTL32.dll
0x00007ff932c60000 - 0x00007ff932c82000 	C:\Windows\System32\win32u.dll
0x00007ff934950000 - 0x00007ff93497b000 	C:\Windows\System32\GDI32.dll
0x00007ff933480000 - 0x00007ff933599000 	C:\Windows\System32\gdi32full.dll
0x00007ff932d50000 - 0x00007ff932ded000 	C:\Windows\System32\msvcp_win.dll
0x00007ff92ce20000 - 0x00007ff92ce2a000 	C:\Windows\SYSTEM32\VERSION.dll
0x00007ff933950000 - 0x00007ff93397f000 	C:\Windows\System32\IMM32.DLL
0x00007ff92ee20000 - 0x00007ff92ee2c000 	C:\Program Files\Java\jdk-19\bin\vcruntime140_1.dll
0x00007ff9275f0000 - 0x00007ff92767e000 	C:\Program Files\Java\jdk-19\bin\msvcp140.dll
0x00007ff904a80000 - 0x00007ff905740000 	C:\Program Files\Java\jdk-19\bin\server\jvm.dll
0x00007ff92d9c0000 - 0x00007ff92d9c9000 	C:\Windows\SYSTEM32\WSOCK32.dll
0x00007ff92eac0000 - 0x00007ff92eae7000 	C:\Windows\SYSTEM32\WINMM.dll
0x00007ff9348e0000 - 0x00007ff93494b000 	C:\Windows\System32\WS2_32.dll
0x00007ff931270000 - 0x00007ff931282000 	C:\Windows\SYSTEM32\kernel.appcore.dll
0x00007ff92ecf0000 - 0x00007ff92ecfa000 	C:\Program Files\Java\jdk-19\bin\jimage.dll
0x00007ff91ebb0000 - 0x00007ff91edb1000 	C:\Windows\SYSTEM32\DBGHELP.DLL
0x00007ff91e590000 - 0x00007ff91e5c4000 	C:\Windows\SYSTEM32\dbgcore.DLL
0x00007ff932cc0000 - 0x00007ff932d42000 	C:\Windows\System32\bcryptPrimitives.dll
0x00007ff92e940000 - 0x00007ff92e94e000 	C:\Program Files\Java\jdk-19\bin\instrument.dll
0x00007ff92e860000 - 0x00007ff92e886000 	C:\Program Files\Java\jdk-19\bin\java.dll
0x00007ff92b1a0000 - 0x00007ff92b1b8000 	C:\Program Files\Java\jdk-19\bin\zip.dll
0x00007ff914610000 - 0x00007ff9146e7000 	C:\Program Files\Java\jdk-19\bin\jsvml.dll
0x00007ff933f90000 - 0x00007ff934700000 	C:\Windows\System32\SHELL32.dll
0x00007ff9309c0000 - 0x00007ff931165000 	C:\Windows\SYSTEM32\windows.storage.dll
0x00007ff934d60000 - 0x00007ff9350b4000 	C:\Windows\System32\combase.dll
0x00007ff932540000 - 0x00007ff93256b000 	C:\Windows\SYSTEM32\Wldp.dll
0x00007ff933aa0000 - 0x00007ff933b6d000 	C:\Windows\System32\OLEAUT32.dll
0x00007ff933b70000 - 0x00007ff933c1d000 	C:\Windows\System32\SHCORE.dll
0x00007ff934ba0000 - 0x00007ff934bfb000 	C:\Windows\System32\shlwapi.dll
0x00007ff932b90000 - 0x00007ff932bb4000 	C:\Windows\SYSTEM32\profapi.dll
0x00007ff92e840000 - 0x00007ff92e853000 	C:\Program Files\Java\jdk-19\bin\net.dll
0x00007ff92dc70000 - 0x00007ff92dd7a000 	C:\Windows\SYSTEM32\WINHTTP.dll
0x00007ff9322b0000 - 0x00007ff93231a000 	C:\Windows\system32\mswsock.dll
0x00007ff92e820000 - 0x00007ff92e836000 	C:\Program Files\Java\jdk-19\bin\nio.dll
0x00007ff92e0b0000 - 0x00007ff92e0b8000 	C:\Program Files\Java\jdk-19\bin\extnet.dll
0x00007ff929eb0000 - 0x00007ff929ec0000 	C:\Program Files\Java\jdk-19\bin\verify.dll
0x00007ff932580000 - 0x00007ff932598000 	C:\Windows\SYSTEM32\CRYPTSP.dll
0x00007ff931bf0000 - 0x00007ff931c28000 	C:\Windows\system32\rsaenh.dll
0x00007ff932b10000 - 0x00007ff932b3e000 	C:\Windows\SYSTEM32\USERENV.dll
0x00007ff932440000 - 0x00007ff93244c000 	C:\Windows\SYSTEM32\CRYPTBASE.dll
0x00007ff931fb0000 - 0x00007ff931feb000 	C:\Windows\SYSTEM32\IPHLPAPI.DLL
0x00007ff9336f0000 - 0x00007ff9336f8000 	C:\Windows\System32\NSI.dll
0x00007ff92ef90000 - 0x00007ff92efa7000 	C:\Windows\SYSTEM32\dhcpcsvc6.DLL
0x00007ff92ee00000 - 0x00007ff92ee1d000 	C:\Windows\SYSTEM32\dhcpcsvc.DLL
0x00007ff931ff0000 - 0x00007ff9320ba000 	C:\Windows\SYSTEM32\DNSAPI.dll

dbghelp: loaded successfully - version: 4.0.5 - missing functions: none
symbol engine: initialized successfully - sym options: 0x614 - pdb path: .;C:\Program Files\Java\jdk-19\bin;C:\Windows\SYSTEM32;C:\Windows\WinSxS\amd64_microsoft.windows.common-controls_6595b64144ccf1df_6.0.19041.6456_none_60b8a6cb71f64256;C:\Program Files\Java\jdk-19\bin\server

VM Arguments:
jvm_args: -javaagent:C:\Users\Lenovo\AppData\Local\JetBrains\IntelliJIdea2025.3\captureAgent\debugger-agent.jar=file:///C:/Users/Lenovo/AppData/Local/Temp/capture16936536928887697632.props -ea -Didea.test.cyclic.buffer.size=1048576 -javaagent:C:\Program Files\JetBrains\IntelliJ IDEA 2025.3.2\lib\idea_rt.jar=52155 -Dkotlinx.coroutines.debug.enable.creation.stack.trace=false -Ddebugger.agent.enable.coroutines=true -Dkotlinx.coroutines.debug.enable.flows.stack.trace=true -Dkotlinx.coroutines.debug.enable.mutable.state.flows.stack.trace=true -Ddebugger.async.stack.trace.for.all.threads=true -Dfile.encoding=UTF-8 -Dsun.stdout.encoding=UTF-8 -Dsun.stderr.encoding=UTF-8 
java_command: com.intellij.rt.testng.RemoteTestNGStarter -usedefaultlisteners false -socket52154 @w@C:\Users\Lenovo\AppData\Local\Temp\idea_working_dirs_testng.tmp -temp C:\Users\Lenovo\AppData\Local\Temp\idea_testng.tmp
java_class_path (initial): C:\Program Files\JetBrains\IntelliJ IDEA 2025.3.2\lib\idea_rt.jar;C:\Program Files\JetBrains\IntelliJ IDEA 2025.3.2\plugins\testng\lib\testng-rt.jar;G:\CB_Automation\target\test-classes;G:\CB_Automation\target\classes;C:\Users\Lenovo\.m2\repository\org\seleniumhq\selenium\selenium-java\4.18.1\selenium-java-4.18.1.jar;C:\Users\Lenovo\.m2\repository\org\seleniumhq\selenium\selenium-api\4.18.1\selenium-api-4.18.1.jar;C:\Users\Lenovo\.m2\repository\org\seleniumhq\selenium\selenium-chrome-driver\4.18.1\selenium-chrome-driver-4.18.1.jar;C:\Users\Lenovo\.m2\repository\com\google\auto\service\auto-service-annotations\1.1.1\auto-service-annotations-1.1.1.jar;C:\Users\Lenovo\.m2\repository\org\seleniumhq\selenium\selenium-chromium-driver\4.18.1\selenium-chromium-driver-4.18.1.jar;C:\Users\Lenovo\.m2\repository\org\seleniumhq\selenium\selenium-json\4.18.1\selenium-json-4.18.1.jar;C:\Users\Lenovo\.m2\repository\org\seleniumhq\selenium\selenium-manager\4.18.1\selenium-manager-4.18.1.jar;C:\Users\Lenovo\.m2\repository\org\seleniumhq\selenium\selenium-devtools-v120\4.18.1\selenium-devtools-v120-4.18.1.jar;C:\Users\Lenovo\.m2\repository\org\seleniumhq\selenium\selenium-devtools-v121\4.18.1\selenium-devtools-v121-4.18.1.jar;C:\Users\Lenovo\.m2\repository\org\seleniumhq\selenium\selenium-devtools-v122\4.18.1\selenium-devtools-v122-4.18.1.jar;C:\Users\Lenovo\.m2\repository\org\seleniumhq\selenium\selenium-devtools-v85\4.18.1\selenium-devtools-v85-4.18.1.jar;C:\Users\Lenovo\.m2\repository\org\seleniumhq\selenium\selenium-edge-driver\4.18.1\selenium-edge-driver-4.18.1.jar;C:\Users\Lenovo\.m2\repository\org\seleniumhq\selenium\selenium-firefox-driver\4.18.1\selenium-firefox-driver-4.18.1.jar;C:\Users\Lenovo\.m2\repository\org\seleniumhq\selenium\selenium-http\4.18.1\selenium-http-4.18.1.jar;C:\Users\Lenovo\.m2\repository\dev\failsafe\failsafe\3.3.2\failsafe-3.3.2.jar;C:\Users\Lenovo\.m2\repository\org\seleniumhq\selenium\selenium-ie-driver\4.18.1\selenium-ie-driver-4.18.1.jar;C:\Users\Lenovo\.m2\repository\org\seleniumhq\selenium\selenium-remote-driver\4.18.1\selenium-remote-driver-4.18.1.jar;C:\Users\Lenovo\.m2\repository\com\google\guava\guava\33.0.0-jre\guava-33.0.0-jre.jar;C:\Users\Lenovo\.m2\repository\com\google\guava\failureaccess\1.0.2\failureaccess-1.0.2.jar;C:\Users\Lenovo\.m2\repository\com\google\guava\listenablefuture\9999.0-empty-to-avoid-conflict-with-guava\listenablefuture-9999.0-empty-to-avoid-conflict-with-guava.jar;C:\Users\Lenovo\.m2\repository\com\google\code\findbugs\jsr305\3.0.2\jsr305-3.0.2.jar;C:\Users\Lenovo\.m2\repository\org\checkerframework\checker-qual\3.41.0\checker-qual-3.41.0.jar;C:\Users\Lenovo\.m2\repository\com\google\errorprone\error_prone_annotations\2.23.0\error_prone_annotations-2.23.0.jar;C:\Users\Lenovo\.m2\repository\com\google\j2objc\j2objc-annotations\2.8\j2objc-annotations-2.8.jar;C:\Users\Lenovo\.m2\repository\io\opentelemetry\semconv\opentelemetry-semconv\1.23.1-alpha\opentelemetry-semconv-1.23.1-alpha.jar;C:\Users\Lenovo\.m2\repository\io\opentelemetry\opentelemetry-api\1.35.0\opentelemetry-api-1.35.0.jar;C:\Users\Lenovo\.m2\repository\io\opentelemetry\opentelemetry-context\1.35.0\opentelemetry-context-1.35.0.jar;C:\Users\Lenovo\.m2\repository\io\opentelemetry\opentelemetry-exporter-logging\1.35.0\opentelemetry-exporter-logging-1.35.0.jar;C:\Users\Lenovo\.m2\repository\io\opentelemetry\opentelemetry-sdk-common\1.35.0\opentelemetry-sdk-common-1.35.0.jar;C:\Users\Lenovo\.m2\repository\io\opentelemetry\opentelemetry-sdk-extension-autoconfigure-spi\1.35.0\opentelemetry-sdk-extension-autoconfigure-spi-1.35.0.jar;C:\Users\Lenovo\.m2\repository\io\opentelemetry\opentelemetry-sdk-extension-autoconfigure\1.35.0\opentelemetry-sdk-extension-autoconfigure-1.35.0.jar;C:\Users\Lenovo\.m2\repository\io\opentelemetry\opentelemetry-api-events\1.35.0-alpha\opentelemetry-api-events-1.35.0-alpha.jar;C:\Users\Lenovo\.m2\repository\io\opentelemetry\opentelemetry-sdk-trace\1.35.0\opentelemetry-sdk-trace-1.35.0.jar;C:\Users\Lenovo\.m2\repository\io\opentelemetry\opentelemetry-extension-incubator\1.35.0-alpha\opentelemetry-extension-incubator-1.35.0-alpha.jar;C:\Users\Lenovo\.m2\repository\io\opentelemetry\opentelemetry-sdk\1.35.0\opentelemetry-sdk-1.35.0.jar;C:\Users\Lenovo\.m2\repository\io\opentelemetry\opentelemetry-sdk-metrics\1.35.0\opentelemetry-sdk-metrics-1.35.0.jar;C:\Users\Lenovo\.m2\repository\io\opentelemetry\opentelemetry-sdk-logs\1.35.0\opentelemetry-sdk-logs-1.35.0.jar;C:\Users\Lenovo\.m2\repository\net\bytebuddy\byte-buddy\1.14.12\byte-buddy-1.14.12.jar;C:\Users\Lenovo\.m2\repository\org\seleniumhq\selenium\selenium-os\4.18.1\selenium-os-4.18.1.jar;C:\Users\Lenovo\.m2\repository\org\apache\commons\commons-exec\1.3\commons-exec-1.3.jar;C:\Users\Lenovo\.m2\repository\org\seleniumhq\selenium\selenium-safari-driver\4.18.1\selenium-safari-driver-4.18.1.jar;C:\Users\Lenovo\.m2\repository\org\seleniumhq\selenium\selenium-support\4.18.1\selenium-support-4.18.1.jar;C:\Users\Lenovo\.m2\repository\org\testng\testng\7.9.0\testng-7.9.0.jar;C:\Users\Lenovo\.m2\repository\org\slf4j\slf4j-api\1.7.36\slf4j-api-1.7.36.jar;C:\Users\Lenovo\.m2\repository\com\beust\jcommander\1.82\jcommander-1.82.jar;C:\Users\Lenovo\.m2\repository\org\webjars\jquery\3.7.1\jquery-3.7.1.jar;C:\Users\Lenovo\.m2\repository\io\github\bonigarcia\webdrivermanager\5.7.0\webdrivermanager-5.7.0.jar;C:\Users\Lenovo\.m2\repository\com\google\code\gson\gson\2.10.1\gson-2.10.1.jar;C:\Users\Lenovo\.m2\repository\com\github\docker-java\docker-java\3.3.5\docker-java-3.3.5.jar;C:\Users\Lenovo\.m2\repository\com\github\docker-java\docker-java-core\3.3.5\docker-java-core-3.3.5.jar;C:\Users\Lenovo\.m2\repository\com\github\docker-java\docker-java-api\3.3.5\docker-java-api-3.3.5.jar;C:\Users\Lenovo\.m2\repository\com\fasterxml\jackson\core\jackson-annotations\2.10.3\jackson-annotations-2.10.3.jar;C:\Users\Lenovo\.m2\repository\com\fasterxml\jackson\core\jackson-databind\2.10.3\jackson-databind-2.10.3.jar;C:\Users\Lenovo\.m2\repository\com\fasterxml\jackson\core\jackson-core\2.10.3\jackson-core-2.10.3.jar;C:\Users\Lenovo\.m2\repository\org\bouncycastle\bcpkix-jdk18on\1.76\bcpkix-jdk18on-1.76.jar;C:\Users\Lenovo\.m2\repository\org\bouncycastle\bcprov-jdk18on\1.76\bcprov-jdk18on-1.76.jar;C:\Users\Lenovo\.m2\repository\org\bouncycastle\bcutil-jdk18on\1.76\bcutil-jdk18on-1.76.jar;C:\Users\Lenovo\.m2\repository\org\slf4j\jcl-over-slf4j\1.7.30\jcl-over-slf4j-1.7.30.jar;C:\Users\Lenovo\.m2\repository\com\github\docker-java\docker-java-transport-httpclient5\3.3.5\docker-java-transport-httpclient5-3.3.5.jar;C:\Users\Lenovo\.m2\repository\com\github\docker-java\docker-java-transport\3.3.5\docker-java-transport-3.3.5.jar;C:\Users\Lenovo\.m2\repository\net\java\dev\jna\jna\5.13.0\jna-5.13.0.jar;C:\Users\Lenovo\.m2\repository\org\brotli\dec\0.1.2\dec-0.1.2.jar;C:\Users\Lenovo\.m2\repository\org\apache\commons\commons-lang3\3.14.0\commons-lang3-3.14.0.jar;C:\Users\Lenovo\.m2\repository\org\apache\commons\commons-compress\1.26.0\commons-compress-1.26.0.jar;C:\Users\Lenovo\.m2\repository\org\apache\httpcomponents\client5\httpclient5\5.2.1\httpclient5-5.2.1.jar;C:\Users\Lenovo\.m2\repository\org\apache\httpcomponents\core5\httpcore5\5.2\httpcore5-5.2.jar;C:\Users\Lenovo\.m2\repository\org\apache\httpcomponents\core5\httpcore5-h2\5.2\httpcore5-h2-5.2.jar;C:\Users\Lenovo\.m2\repository\commons-io\commons-io\2.15.1\commons-io-2.15.1.jar;C:\Users\Lenovo\.m2\repository\com\aventstack\extentreports\5.1.1\extentreports-5.1.1.jar;C:\Users\Lenovo\.m2\repository\io\reactivex\rxjava3\rxjava\3.1.6\rxjava-3.1.6.jar;C:\Users\Lenovo\.m2\repository\org\reactivestreams\reactive-streams\1.0.4\reactive-streams-1.0.4.jar;C:\Users\Lenovo\.m2\repository\org\freemarker\freemarker\2.3.32\freemarker-2.3.32.jar;C:\Users\Lenovo\.m2\repository\org\projectlombok\lombok\1.18.26\lombok-1.18.26.jar
Launcher Type: SUN_STANDARD

[Global flags]
     intx CICompilerCount                          = 4                                         {product} {ergonomic}
     uint ConcGCThreads                            = 2                                         {product} {ergonomic}
     uint G1ConcRefinementThreads                  = 8                                         {product} {ergonomic}
   size_t G1HeapRegionSize                         = 1048576                                   {product} {ergonomic}
    uintx GCDrainStackTargetSize                   = 64                                        {product} {ergonomic}
   size_t InitialHeapSize                          = 134217728                                 {product} {ergonomic}
   size_t MarkStackSize                            = 4194304                                   {product} {ergonomic}
   size_t MaxHeapSize                              = 2116026368                                {product} {ergonomic}
   size_t MaxNewSize                               = 1268776960                                {product} {ergonomic}
   size_t MinHeapDeltaBytes                        = 1048576                                   {product} {ergonomic}
   size_t MinHeapSize                              = 8388608                                   {product} {ergonomic}
    uintx NonNMethodCodeHeapSize                   = 5839372                                {pd product} {ergonomic}
    uintx NonProfiledCodeHeapSize                  = 122909434                              {pd product} {ergonomic}
    uintx ProfiledCodeHeapSize                     = 122909434                              {pd product} {ergonomic}
    uintx ReservedCodeCacheSize                    = 251658240                              {pd product} {ergonomic}
     bool SegmentedCodeCache                       = true                                      {product} {ergonomic}
   size_t SoftMaxHeapSize                          = 2116026368                             {manageable} {ergonomic}
     bool UseCompressedClassPointers               = true                           {product lp64_product} {ergonomic}
     bool UseCompressedOops                        = true                           {product lp64_product} {ergonomic}
     bool UseG1GC                                  = true                                      {product} {ergonomic}
     bool UseLargePagesIndividualAllocation        = false                                  {pd product} {ergonomic}

Logging:
Log output configuration:
 #0: stdout all=warning uptime,level,tags foldmultilines=false
 #1: stderr all=off uptime,level,tags foldmultilines=false

Environment Variables:
JAVA_HOME=C:\Program Files\Java\jdk-19
PATH=C:\Python311\Scripts\;C:\Python311\;C:\Program Files\Common Files\Oracle\Java\javapath;C:\Windows\system32;C:\Windows;C:\Windows\System32\Wbem;C:\Windows\System32\WindowsPowerShell\v1.0\;C:\Windows\System32\OpenSSH\;C:\Program Files\Java\jdk-19\bin;C:\Program Files\Git\cmd;C:\ProgramData\chocolatey\bin;C:\Users\Lenovo\AppData\Roaming\nvm;C:\Program Files\nodejs;C:\Program Files\MySQL\MySQL Server 8.0\bin;C:\Program Files\apache-maven-3.9.12\bin;C:\Users\Lenovo\AppData\Local\Programs\Python\Python314\Scripts\;C:\Users\Lenovo\AppData\Local\Programs\Python\Python314\;C:\Users\Lenovo\AppData\Local\Programs\Python\Launcher\;C:\Program Files\MySQL\MySQL Shell 8.0\bin\;C:\Users\Lenovo\AppData\Local\Microsoft\WindowsApps;C:\Program Files\JetBrains\IntelliJ IDEA Community Edition 2022.3.2\bin;;C:\Users\Lenovo\AppData\Roaming\nvm;C:\Program Files\nodejs;C:\Users\Lenovo\AppData\Local\Programs\Microsoft VS Code\bin
USERNAME=abhinay.more
OS=Windows_NT
PROCESSOR_IDENTIFIER=Intel64 Family 6 Model 60 Stepping 3, GenuineIntel
TMP=C:\Users\Lenovo\AppData\Local\Temp
TEMP=C:\Users\Lenovo\AppData\Local\Temp



---------------  S Y S T E M  ---------------

OS:
 Windows 10 , 64 bit Build 19041 (10.0.19041.5915)
OS uptime: 2 days 8:24 hours
Hyper-V role detected

CPU: total 8 (initial active 8) (4 cores per cpu, 2 threads per core) family 6 model 60 stepping 3 microcode 0x27, cx8, cmov, fxsr, ht, mmx, sse, sse2, sse3, ssse3, sse4.1, sse4.2, popcnt, lzcnt, tsc, tscinvbit, avx, avx2, aes, erms, clmul, bmi1, bmi2, fma, vzeroupper, clflush, hv, rdtscp

Memory: 4k page, system-wide physical 8071M (1260M free)
TotalPageFile size 12248M (AvailPageFile size 1M)
current process WorkingSet (physical memory assigned to process): 73M, peak: 73M
current process commit charge ("private bytes"): 231M, peak: 231M

vm_info: Java HotSpot(TM) 64-Bit Server VM (19.0.1+10-21) for windows-amd64 JRE (19.0.1+10-21), built on 2022-09-14T12:45:06Z by "mach5one" with MS VC++ 17.1 (VS2022)

END.
